<?xml version="1.0" encoding="UTF-8"?>
<testsuite xmlns:xsi="http://www.w3.org/2001/XMLSchema-instance" xsi:noNamespaceSchemaLocation="https://maven.apache.org/surefire/maven-surefire-plugin/xsd/surefire-test-report-3.0.xsd" version="3.0" name="no.hvl.dat250.voting.driver.VotingMainTest" time="0.782" tests="1" errors="0" skipped="0" failures="0">
  <properties>
[...]
</properties>
  <testcase name="testDomainModelPersistence" classname="no.hvl.dat250.voting.driver.VotingMainTest" time="0.76">
    <system-out><![CDATA[Hibernate: 
    drop table if exists Groups cascade 
Hibernate: 
    drop table if exists Groups_Users cascade 
Hibernate: 
    drop table if exists Poll cascade 
Hibernate: 
    drop table if exists Poll_Groups cascade 
Hibernate: 
    drop table if exists Poll_Users cascade 
Hibernate: 
    drop table if exists Users cascade 
Hibernate: 
    drop table if exists Vote cascade 
Hibernate: 
    create table Groups (
        groupId bigint generated by default as identity,
        name varchar(255),
        primary key (groupId)
    )
Hibernate: 
    create table Groups_Users (
        groups_groupId bigint not null,
        members_id bigint not null
    )
Hibernate: 
    create table Poll (
        active boolean not null,
        privateAccess boolean not null,
        creator_id bigint,
        endTime timestamp(6),
        id bigint generated by default as identity,
        startTime timestamp(6),
        description varchar(255),
        question varchar(255),
        primary key (id)
    )
Hibernate: 
    create table Poll_Groups (
        groups_groupId bigint not null,
        polls_id bigint not null
    )
Hibernate: 
    create table Poll_Users (
        participatedPolls_id bigint not null,
        users_id bigint not null
    )
Hibernate: 
    create table Users (
        id bigint generated by default as identity,
        password varchar(255),
        role varchar(255) check (role in ('ADMIN','USER')),
        username varchar(255) not null unique,
        primary key (id)
    )
Hibernate: 
    create table Vote (
        choice boolean,
        poll_id bigint,
        timestamp timestamp(6),
        user_id bigint,
        voteId bigint generated by default as identity,
        primary key (voteId)
    )
Hibernate: 
    alter table if exists Groups_Users 
       add constraint FK6cwaduc9s1q5626pclx8ggr22 
       foreign key (members_id) 
       references Users
Hibernate: 
    alter table if exists Groups_Users 
       add constraint FK5k7c7cfplvyt8yu18j9pe7vv7 
       foreign key (groups_groupId) 
       references Groups
Hibernate: 
    alter table if exists Poll 
       add constraint FKe8s6oodbk1pypwtsjl8mra4y0 
       foreign key (creator_id) 
       references Users
Hibernate: 
    alter table if exists Poll_Groups 
       add constraint FKf5g740xbd6jyh4gfdsvh4grkh 
       foreign key (groups_groupId) 
       references Groups
Hibernate: 
    alter table if exists Poll_Groups 
       add constraint FKg1r1ove8nj5ttg4mwdyjxv79b 
       foreign key (polls_id) 
       references Poll
Hibernate: 
    alter table if exists Poll_Users 
       add constraint FK4pl1bkbl363k7xcq5nmfm1ggk 
       foreign key (users_id) 
       references Users
Hibernate: 
    alter table if exists Poll_Users 
       add constraint FK11x5av04jhy67g625g9ncoknq 
       foreign key (participatedPolls_id) 
       references Poll
Hibernate: 
    alter table if exists Vote 
       add constraint FK34cunlfwlpao9xym0oo0syoox 
       foreign key (poll_id) 
       references Poll
Hibernate: 
    alter table if exists Vote 
       add constraint FK70y7l5s7xykrkx96lvfor3a12 
       foreign key (user_id) 
       references Users
]]></system-out>
    <system-err><![CDATA[Sep 12, 2023 7:14:51 PM org.hibernate.jpa.internal.util.LogHelper logPersistenceUnitInformation
INFO: HHH000204: Processing PersistenceUnitInfo [name: voting]
Sep 12, 2023 7:14:51 PM org.hibernate.Version logVersion
INFO: HHH000412: Hibernate ORM core version 6.2.6.Final
Sep 12, 2023 7:14:51 PM org.hibernate.cfg.Environment <clinit>
INFO: HHH000406: Using bytecode reflection optimizer
Sep 12, 2023 7:14:51 PM org.hibernate.engine.jdbc.connections.internal.DriverManagerConnectionProviderImpl configure
WARN: HHH10001002: Using built-in connection pool (not intended for production use)
Sep 12, 2023 7:14:51 PM org.hibernate.engine.jdbc.connections.internal.DriverManagerConnectionProviderImpl buildCreator
INFO: HHH10001005: Loaded JDBC driver class: org.h2.Driver
Sep 12, 2023 7:14:51 PM org.hibernate.engine.jdbc.connections.internal.DriverManagerConnectionProviderImpl buildCreator
INFO: HHH10001012: Connecting with JDBC URL [jdbc:h2:file:./DB;DB_CLOSE_DELAY=-1]
Sep 12, 2023 7:14:51 PM org.hibernate.engine.jdbc.connections.internal.DriverManagerConnectionProviderImpl buildCreator
INFO: HHH10001001: Connection properties: {}
Sep 12, 2023 7:14:51 PM org.hibernate.engine.jdbc.connections.internal.DriverManagerConnectionProviderImpl buildCreator
INFO: HHH10001003: Autocommit mode: false
Sep 12, 2023 7:14:51 PM org.hibernate.engine.jdbc.connections.internal.DriverManagerConnectionProviderImpl$PooledConnections <init>
INFO: HHH10001115: Connection pool size: 1 (min=1)
Sep 12, 2023 7:14:51 PM org.hibernate.bytecode.internal.BytecodeProviderInitiator buildBytecodeProvider
INFO: HHH000021: Bytecode provider name : bytebuddy
Sep 12, 2023 7:14:51 PM org.hibernate.engine.transaction.jta.platform.internal.JtaPlatformInitiator initiateService
INFO: HHH000490: Using JtaPlatform implementation: [org.hibernate.engine.transaction.jta.platform.internal.NoJtaPlatform]
Sep 12, 2023 7:14:51 PM org.hibernate.resource.transaction.backend.jdbc.internal.DdlTransactionIsolatorNonJtaImpl getIsolatedConnection
INFO: HHH10001501: Connection obtained from JdbcConnectionAccess [org.hibernate.engine.jdbc.env.internal.JdbcEnvironmentInitiator$ConnectionProviderJdbcConnectionAccess@2c30c81d] for (non-JTA) DDL execution was not in auto-commit mode; the Connection 'local transaction' will be committed and the Connection will be set into auto-commit mode.
Sep 12, 2023 7:14:51 PM org.hibernate.resource.transaction.backend.jdbc.internal.DdlTransactionIsolatorNonJtaImpl getIsolatedConnection
INFO: HHH10001501: Connection obtained from JdbcConnectionAccess [org.hibernate.engine.jdbc.env.internal.JdbcEnvironmentInitiator$ConnectionProviderJdbcConnectionAccess@7af0affa] for (non-JTA) DDL execution was not in auto-commit mode; the Connection 'local transaction' will be committed and the Connection will be set into auto-commit mode.
]]></system-err>
  </testcase>
</testsuite>